<?xml version="1.0" encoding="UTF-8"?>
<!-- Generated by org.testng.reporters.JUnitReportReporter -->
<testsuite hostname="DESKTOP-1F837G5" name="Test.Restapi" tests="2" failures="0" timestamp="24 Jun 2021 08:17:18 GMT" time="5.219" errors="0">
  <testcase name="deleteuser" time="1.896" classname="Test.Restapi"/>
  <testcase name="getallusers" time="3.323" classname="Test.Restapi"/>
</testsuite> <!-- Test.Restapi -->
